<?xml version="1.0" encoding="UTF-8"?>
<!-- Generated by org.testng.reporters.JUnitReportReporter -->
<testsuite hostname="INLPF1AX7GT" failures="0" tests="1" name="Baseclass" time="0.021" errors="0" timestamp="2024-11-20T21:19:14 IST" skipped="0">
  <testcase classname="Baseclass" name="test" time="0.021"/>
</testsuite> <!-- Baseclass -->
